CRITICAL - 2022-02-03 02:05:10 --> include(fonction-page-accueil.php): failed to open stream: No such file or directory
#0 C:\wamp64\www\Projet GSB\Projet-GSB-Git\app\Controllers\Back.php(10): CodeIgniter\Debug\Exceptions->errorHandler(2, 'include(fonctio...', 'C:\\wamp64\\www\\P...', 10, Array)
#1 C:\wamp64\www\Projet GSB\Projet-GSB-Git\app\Controllers\Back.php(10): include()
#2 C:\wamp64\www\Projet GSB\Projet-GSB-Git\system\CodeIgniter.php(825): App\Controllers\Back->confirmationConnexion()
#3 C:\wamp64\www\Projet GSB\Projet-GSB-Git\system\CodeIgniter.php(412): CodeIgniter\CodeIgniter->runController(Object(App\Controllers\Back))
#4 C:\wamp64\www\Projet GSB\Projet-GSB-Git\system\CodeIgniter.php(320): CodeIgniter\CodeIgniter->handleRequest(NULL, Object(Config\Cache), false)
#5 C:\wamp64\www\Projet GSB\Projet-GSB-Git\public\index.php(37): CodeIgniter\CodeIgniter->run()
#6 C:\wamp64\www\Projet GSB\Projet-GSB-Git\system\Commands\Server\rewrite.php(43): require_once('C:\\wamp64\\www\\P...')
#7 {main}
CRITICAL - 2022-02-03 02:07:33 --> include(fonction-page-accueil.php): failed to open stream: No such file or directory
#0 C:\wamp64\www\Projet GSB\Projet-GSB-Git\app\Controllers\Back.php(10): CodeIgniter\Debug\Exceptions->errorHandler(2, 'include(fonctio...', 'C:\\wamp64\\www\\P...', 10, Array)
#1 C:\wamp64\www\Projet GSB\Projet-GSB-Git\app\Controllers\Back.php(10): include()
#2 C:\wamp64\www\Projet GSB\Projet-GSB-Git\system\CodeIgniter.php(825): App\Controllers\Back->confirmationConnexion()
#3 C:\wamp64\www\Projet GSB\Projet-GSB-Git\system\CodeIgniter.php(412): CodeIgniter\CodeIgniter->runController(Object(App\Controllers\Back))
#4 C:\wamp64\www\Projet GSB\Projet-GSB-Git\system\CodeIgniter.php(320): CodeIgniter\CodeIgniter->handleRequest(NULL, Object(Config\Cache), false)
#5 C:\wamp64\www\Projet GSB\Projet-GSB-Git\public\index.php(37): CodeIgniter\CodeIgniter->run()
#6 C:\wamp64\www\Projet GSB\Projet-GSB-Git\system\Commands\Server\rewrite.php(43): require_once('C:\\wamp64\\www\\P...')
#7 {main}
CRITICAL - 2022-02-03 02:08:51 --> include(fonction-page-accueil.php): failed to open stream: No such file or directory
#0 C:\wamp64\www\Projet GSB\Projet-GSB-Git\app\Controllers\Back.php(10): CodeIgniter\Debug\Exceptions->errorHandler(2, 'include(fonctio...', 'C:\\wamp64\\www\\P...', 10, Array)
#1 C:\wamp64\www\Projet GSB\Projet-GSB-Git\app\Controllers\Back.php(10): include()
#2 C:\wamp64\www\Projet GSB\Projet-GSB-Git\system\CodeIgniter.php(825): App\Controllers\Back->confirmationConnexion()
#3 C:\wamp64\www\Projet GSB\Projet-GSB-Git\system\CodeIgniter.php(412): CodeIgniter\CodeIgniter->runController(Object(App\Controllers\Back))
#4 C:\wamp64\www\Projet GSB\Projet-GSB-Git\system\CodeIgniter.php(320): CodeIgniter\CodeIgniter->handleRequest(NULL, Object(Config\Cache), false)
#5 C:\wamp64\www\Projet GSB\Projet-GSB-Git\public\index.php(37): CodeIgniter\CodeIgniter->run()
#6 C:\wamp64\www\Projet GSB\Projet-GSB-Git\system\Commands\Server\rewrite.php(43): require_once('C:\\wamp64\\www\\P...')
#7 {main}
CRITICAL - 2022-02-03 02:09:42 --> include(fonction-page-accueil.php): failed to open stream: No such file or directory
#0 C:\wamp64\www\Projet GSB\Projet-GSB-Git\app\Controllers\Back.php(10): CodeIgniter\Debug\Exceptions->errorHandler(2, 'include(fonctio...', 'C:\\wamp64\\www\\P...', 10, Array)
#1 C:\wamp64\www\Projet GSB\Projet-GSB-Git\app\Controllers\Back.php(10): include()
#2 C:\wamp64\www\Projet GSB\Projet-GSB-Git\system\CodeIgniter.php(825): App\Controllers\Back->confirmationConnexion()
#3 C:\wamp64\www\Projet GSB\Projet-GSB-Git\system\CodeIgniter.php(412): CodeIgniter\CodeIgniter->runController(Object(App\Controllers\Back))
#4 C:\wamp64\www\Projet GSB\Projet-GSB-Git\system\CodeIgniter.php(320): CodeIgniter\CodeIgniter->handleRequest(NULL, Object(Config\Cache), false)
#5 C:\wamp64\www\Projet GSB\Projet-GSB-Git\public\index.php(37): CodeIgniter\CodeIgniter->run()
#6 C:\wamp64\www\Projet GSB\Projet-GSB-Git\system\Commands\Server\rewrite.php(43): require_once('C:\\wamp64\\www\\P...')
#7 {main}
CRITICAL - 2022-02-03 02:13:30 --> syntax error, unexpected 'return' (T_RETURN), expecting function (T_FUNCTION) or const (T_CONST)
#0 C:\wamp64\www\Projet GSB\Projet-GSB-Git\system\Router\Router.php(175): CodeIgniter\Router\Router->autoRoute('Front/inscripti...')
#1 C:\wamp64\www\Projet GSB\Projet-GSB-Git\system\CodeIgniter.php(719): CodeIgniter\Router\Router->handle('Front/inscripti...')
#2 C:\wamp64\www\Projet GSB\Projet-GSB-Git\system\CodeIgniter.php(361): CodeIgniter\CodeIgniter->tryToRouteIt(Object(CodeIgniter\Router\RouteCollection))
#3 C:\wamp64\www\Projet GSB\Projet-GSB-Git\system\CodeIgniter.php(320): CodeIgniter\CodeIgniter->handleRequest(NULL, Object(Config\Cache), false)
#4 C:\wamp64\www\Projet GSB\Projet-GSB-Git\public\index.php(37): CodeIgniter\CodeIgniter->run()
#5 C:\wamp64\www\Projet GSB\Projet-GSB-Git\system\Commands\Server\rewrite.php(43): require_once('C:\\wamp64\\www\\P...')
#6 {main}
CRITICAL - 2022-02-03 03:18:35 --> session_start(): A session had already been started - ignoring
#0 [internal function]: CodeIgniter\Debug\Exceptions->errorHandler(8, 'session_start()...', 'C:\\wamp64\\www\\P...', 2, Array)
#1 C:\wamp64\www\Projet GSB\Projet-GSB-Git\app\Views\FicheFrais2.php(2): session_start()
#2 C:\wamp64\www\Projet GSB\Projet-GSB-Git\system\View\View.php(210): include('C:\\wamp64\\www\\P...')
#3 C:\wamp64\www\Projet GSB\Projet-GSB-Git\system\View\View.php(213): CodeIgniter\View\View->CodeIgniter\View\{closure}()
#4 C:\wamp64\www\Projet GSB\Projet-GSB-Git\system\Common.php(1089): CodeIgniter\View\View->render('FicheFrais2.php', Array, true)
#5 C:\wamp64\www\Projet GSB\Projet-GSB-Git\app\Controllers\Back.php(135): view('FicheFrais2.php')
#6 C:\wamp64\www\Projet GSB\Projet-GSB-Git\system\CodeIgniter.php(825): App\Controllers\Back->frais()
#7 C:\wamp64\www\Projet GSB\Projet-GSB-Git\system\CodeIgniter.php(412): CodeIgniter\CodeIgniter->runController(Object(App\Controllers\Back))
#8 C:\wamp64\www\Projet GSB\Projet-GSB-Git\system\CodeIgniter.php(320): CodeIgniter\CodeIgniter->handleRequest(NULL, Object(Config\Cache), false)
#9 C:\wamp64\www\Projet GSB\Projet-GSB-Git\public\index.php(37): CodeIgniter\CodeIgniter->run()
#10 C:\wamp64\www\Projet GSB\Projet-GSB-Git\system\Commands\Server\rewrite.php(43): require_once('C:\\wamp64\\www\\P...')
#11 {main}
CRITICAL - 2022-02-03 03:26:25 --> Undefined variable: result
#0 C:\wamp64\www\Projet GSB\Projet-GSB-Git\app\Views\deconnexion.php(6): CodeIgniter\Debug\Exceptions->errorHandler(8, 'Undefined varia...', 'C:\\wamp64\\www\\P...', 6, Array)
#1 C:\wamp64\www\Projet GSB\Projet-GSB-Git\system\View\View.php(210): include('C:\\wamp64\\www\\P...')
#2 C:\wamp64\www\Projet GSB\Projet-GSB-Git\system\View\View.php(213): CodeIgniter\View\View->CodeIgniter\View\{closure}()
#3 C:\wamp64\www\Projet GSB\Projet-GSB-Git\system\Common.php(1089): CodeIgniter\View\View->render('deconnexion.php', Array, true)
#4 C:\wamp64\www\Projet GSB\Projet-GSB-Git\app\Controllers\Front.php(14): view('deconnexion.php')
#5 C:\wamp64\www\Projet GSB\Projet-GSB-Git\system\CodeIgniter.php(825): App\Controllers\Front->deconnection()
#6 C:\wamp64\www\Projet GSB\Projet-GSB-Git\system\CodeIgniter.php(412): CodeIgniter\CodeIgniter->runController(Object(App\Controllers\Front))
#7 C:\wamp64\www\Projet GSB\Projet-GSB-Git\system\CodeIgniter.php(320): CodeIgniter\CodeIgniter->handleRequest(NULL, Object(Config\Cache), false)
#8 C:\wamp64\www\Projet GSB\Projet-GSB-Git\public\index.php(37): CodeIgniter\CodeIgniter->run()
#9 C:\wamp64\www\Projet GSB\Projet-GSB-Git\system\Commands\Server\rewrite.php(43): require_once('C:\\wamp64\\www\\P...')
#10 {main}
CRITICAL - 2022-02-03 04:06:01 --> syntax error, unexpected ')'
#0 C:\wamp64\www\Projet GSB\Projet-GSB-Git\system\View\View.php(213): CodeIgniter\View\View->CodeIgniter\View\{closure}()
#1 C:\wamp64\www\Projet GSB\Projet-GSB-Git\system\Common.php(1089): CodeIgniter\View\View->render('noteDeFrais.php', Array, true)
#2 C:\wamp64\www\Projet GSB\Projet-GSB-Git\app\Controllers\Front.php(33): view('noteDeFrais.php')
#3 C:\wamp64\www\Projet GSB\Projet-GSB-Git\system\CodeIgniter.php(825): App\Controllers\Front->noteDeFrais()
#4 C:\wamp64\www\Projet GSB\Projet-GSB-Git\system\CodeIgniter.php(412): CodeIgniter\CodeIgniter->runController(Object(App\Controllers\Front))
#5 C:\wamp64\www\Projet GSB\Projet-GSB-Git\system\CodeIgniter.php(320): CodeIgniter\CodeIgniter->handleRequest(NULL, Object(Config\Cache), false)
#6 C:\wamp64\www\Projet GSB\Projet-GSB-Git\public\index.php(37): CodeIgniter\CodeIgniter->run()
#7 C:\wamp64\www\Projet GSB\Projet-GSB-Git\system\Commands\Server\rewrite.php(43): require_once('C:\\wamp64\\www\\P...')
#8 {main}
CRITICAL - 2022-02-03 04:08:24 --> Undefined variable: utilisateurs
#0 C:\wamp64\www\Projet GSB\Projet-GSB-Git\app\Views\noteDeFrais.php(13): CodeIgniter\Debug\Exceptions->errorHandler(8, 'Undefined varia...', 'C:\\wamp64\\www\\P...', 13, Array)
#1 C:\wamp64\www\Projet GSB\Projet-GSB-Git\system\View\View.php(210): include('C:\\wamp64\\www\\P...')
#2 C:\wamp64\www\Projet GSB\Projet-GSB-Git\system\View\View.php(213): CodeIgniter\View\View->CodeIgniter\View\{closure}()
#3 C:\wamp64\www\Projet GSB\Projet-GSB-Git\system\Common.php(1089): CodeIgniter\View\View->render('noteDeFrais.php', Array, true)
#4 C:\wamp64\www\Projet GSB\Projet-GSB-Git\app\Controllers\Front.php(33): view('noteDeFrais.php')
#5 C:\wamp64\www\Projet GSB\Projet-GSB-Git\system\CodeIgniter.php(825): App\Controllers\Front->noteDeFrais()
#6 C:\wamp64\www\Projet GSB\Projet-GSB-Git\system\CodeIgniter.php(412): CodeIgniter\CodeIgniter->runController(Object(App\Controllers\Front))
#7 C:\wamp64\www\Projet GSB\Projet-GSB-Git\system\CodeIgniter.php(320): CodeIgniter\CodeIgniter->handleRequest(NULL, Object(Config\Cache), false)
#8 C:\wamp64\www\Projet GSB\Projet-GSB-Git\public\index.php(37): CodeIgniter\CodeIgniter->run()
#9 C:\wamp64\www\Projet GSB\Projet-GSB-Git\system\Commands\Server\rewrite.php(43): require_once('C:\\wamp64\\www\\P...')
#10 {main}
CRITICAL - 2022-02-03 04:48:49 --> session_start(): A session had already been started - ignoring
#0 [internal function]: CodeIgniter\Debug\Exceptions->errorHandler(8, 'session_start()...', 'C:\\wamp64\\www\\P...', 2, Array)
#1 C:\wamp64\www\Projet GSB\Projet-GSB-Git\app\Views\FicheFrais2.php(2): session_start()
#2 C:\wamp64\www\Projet GSB\Projet-GSB-Git\system\View\View.php(210): include('C:\\wamp64\\www\\P...')
#3 C:\wamp64\www\Projet GSB\Projet-GSB-Git\system\View\View.php(213): CodeIgniter\View\View->CodeIgniter\View\{closure}()
#4 C:\wamp64\www\Projet GSB\Projet-GSB-Git\system\Common.php(1089): CodeIgniter\View\View->render('FicheFrais2.php', Array, true)
#5 C:\wamp64\www\Projet GSB\Projet-GSB-Git\app\Controllers\Back.php(135): view('FicheFrais2.php')
#6 C:\wamp64\www\Projet GSB\Projet-GSB-Git\system\CodeIgniter.php(825): App\Controllers\Back->frais()
#7 C:\wamp64\www\Projet GSB\Projet-GSB-Git\system\CodeIgniter.php(412): CodeIgniter\CodeIgniter->runController(Object(App\Controllers\Back))
#8 C:\wamp64\www\Projet GSB\Projet-GSB-Git\system\CodeIgniter.php(320): CodeIgniter\CodeIgniter->handleRequest(NULL, Object(Config\Cache), false)
#9 C:\wamp64\www\Projet GSB\Projet-GSB-Git\public\index.php(37): CodeIgniter\CodeIgniter->run()
#10 C:\wamp64\www\Projet GSB\Projet-GSB-Git\system\Commands\Server\rewrite.php(43): require_once('C:\\wamp64\\www\\P...')
#11 {main}
CRITICAL - 2022-02-03 04:54:16 --> session_start(): A session had already been started - ignoring
#0 [internal function]: CodeIgniter\Debug\Exceptions->errorHandler(8, 'session_start()...', 'C:\\wamp64\\www\\P...', 2, Array)
#1 C:\wamp64\www\Projet GSB\Projet-GSB-Git\app\Views\FicheFrais2.php(2): session_start()
#2 C:\wamp64\www\Projet GSB\Projet-GSB-Git\system\View\View.php(210): include('C:\\wamp64\\www\\P...')
#3 C:\wamp64\www\Projet GSB\Projet-GSB-Git\system\View\View.php(213): CodeIgniter\View\View->CodeIgniter\View\{closure}()
#4 C:\wamp64\www\Projet GSB\Projet-GSB-Git\system\Common.php(1089): CodeIgniter\View\View->render('FicheFrais2.php', Array, true)
#5 C:\wamp64\www\Projet GSB\Projet-GSB-Git\app\Controllers\Back.php(135): view('FicheFrais2.php')
#6 C:\wamp64\www\Projet GSB\Projet-GSB-Git\system\CodeIgniter.php(825): App\Controllers\Back->frais()
#7 C:\wamp64\www\Projet GSB\Projet-GSB-Git\system\CodeIgniter.php(412): CodeIgniter\CodeIgniter->runController(Object(App\Controllers\Back))
#8 C:\wamp64\www\Projet GSB\Projet-GSB-Git\system\CodeIgniter.php(320): CodeIgniter\CodeIgniter->handleRequest(NULL, Object(Config\Cache), false)
#9 C:\wamp64\www\Projet GSB\Projet-GSB-Git\public\index.php(37): CodeIgniter\CodeIgniter->run()
#10 C:\wamp64\www\Projet GSB\Projet-GSB-Git\system\Commands\Server\rewrite.php(43): require_once('C:\\wamp64\\www\\P...')
#11 {main}
CRITICAL - 2022-02-03 04:59:48 --> Undefined variable: user_idd
#0 C:\wamp64\www\Projet GSB\Projet-GSB-Git\app\Views\FicheFrais2.php(9): CodeIgniter\Debug\Exceptions->errorHandler(8, 'Undefined varia...', 'C:\\wamp64\\www\\P...', 9, Array)
#1 C:\wamp64\www\Projet GSB\Projet-GSB-Git\system\View\View.php(210): include('C:\\wamp64\\www\\P...')
#2 C:\wamp64\www\Projet GSB\Projet-GSB-Git\system\View\View.php(213): CodeIgniter\View\View->CodeIgniter\View\{closure}()
#3 C:\wamp64\www\Projet GSB\Projet-GSB-Git\system\Common.php(1089): CodeIgniter\View\View->render('FicheFrais2.php', Array, true)
#4 C:\wamp64\www\Projet GSB\Projet-GSB-Git\app\Controllers\Back.php(135): view('FicheFrais2.php')
#5 C:\wamp64\www\Projet GSB\Projet-GSB-Git\system\CodeIgniter.php(825): App\Controllers\Back->frais()
#6 C:\wamp64\www\Projet GSB\Projet-GSB-Git\system\CodeIgniter.php(412): CodeIgniter\CodeIgniter->runController(Object(App\Controllers\Back))
#7 C:\wamp64\www\Projet GSB\Projet-GSB-Git\system\CodeIgniter.php(320): CodeIgniter\CodeIgniter->handleRequest(NULL, Object(Config\Cache), false)
#8 C:\wamp64\www\Projet GSB\Projet-GSB-Git\public\index.php(37): CodeIgniter\CodeIgniter->run()
#9 C:\wamp64\www\Projet GSB\Projet-GSB-Git\system\Commands\Server\rewrite.php(43): require_once('C:\\wamp64\\www\\P...')
#10 {main}
CRITICAL - 2022-02-03 05:01:45 --> Undefined property: App\Controllers\Back::$session
#0 C:\wamp64\www\Projet GSB\Projet-GSB-Git\app\Controllers\Back.php(135): CodeIgniter\Debug\Exceptions->errorHandler(8, 'Undefined prope...', 'C:\\wamp64\\www\\P...', 135, Array)
#1 C:\wamp64\www\Projet GSB\Projet-GSB-Git\system\CodeIgniter.php(825): App\Controllers\Back->frais()
#2 C:\wamp64\www\Projet GSB\Projet-GSB-Git\system\CodeIgniter.php(412): CodeIgniter\CodeIgniter->runController(Object(App\Controllers\Back))
#3 C:\wamp64\www\Projet GSB\Projet-GSB-Git\system\CodeIgniter.php(320): CodeIgniter\CodeIgniter->handleRequest(NULL, Object(Config\Cache), false)
#4 C:\wamp64\www\Projet GSB\Projet-GSB-Git\public\index.php(37): CodeIgniter\CodeIgniter->run()
#5 C:\wamp64\www\Projet GSB\Projet-GSB-Git\system\Commands\Server\rewrite.php(43): require_once('C:\\wamp64\\www\\P...')
#6 {main}
CRITICAL - 2022-02-03 05:04:38 --> ini_set(): A session is active. You cannot change the session module's ini settings at this time
#0 [internal function]: CodeIgniter\Debug\Exceptions->errorHandler(2, 'ini_set(): A se...', 'C:\\wamp64\\www\\P...', 71, Array)
#1 C:\wamp64\www\Projet GSB\Projet-GSB-Git\system\Session\Handlers\FileHandler.php(71): ini_set('session.save_pa...', 'C:\\wamp64\\www\\P...')
#2 C:\wamp64\www\Projet GSB\Projet-GSB-Git\system\Config\Services.php(570): CodeIgniter\Session\Handlers\FileHandler->__construct(Object(Config\App), '::1')
#3 C:\wamp64\www\Projet GSB\Projet-GSB-Git\system\Config\BaseService.php(248): CodeIgniter\Config\Services::session(Object(Config\App), false)
#4 C:\wamp64\www\Projet GSB\Projet-GSB-Git\system\Config\BaseService.php(189): CodeIgniter\Config\BaseService::__callStatic('session', Array)
#5 C:\wamp64\www\Projet GSB\Projet-GSB-Git\system\Config\Services.php(563): CodeIgniter\Config\BaseService::getSharedInstance('session', NULL)
#6 C:\wamp64\www\Projet GSB\Projet-GSB-Git\system\Config\BaseService.php(248): CodeIgniter\Config\Services::session()
#7 C:\wamp64\www\Projet GSB\Projet-GSB-Git\system\Common.php(901): CodeIgniter\Config\BaseService::__callStatic('session', Array)
#8 C:\wamp64\www\Projet GSB\Projet-GSB-Git\app\Controllers\Back.php(135): session()
#9 C:\wamp64\www\Projet GSB\Projet-GSB-Git\system\CodeIgniter.php(825): App\Controllers\Back->frais()
#10 C:\wamp64\www\Projet GSB\Projet-GSB-Git\system\CodeIgniter.php(412): CodeIgniter\CodeIgniter->runController(Object(App\Controllers\Back))
#11 C:\wamp64\www\Projet GSB\Projet-GSB-Git\system\CodeIgniter.php(320): CodeIgniter\CodeIgniter->handleRequest(NULL, Object(Config\Cache), false)
#12 C:\wamp64\www\Projet GSB\Projet-GSB-Git\public\index.php(37): CodeIgniter\CodeIgniter->run()
#13 C:\wamp64\www\Projet GSB\Projet-GSB-Git\system\Commands\Server\rewrite.php(43): require_once('C:\\wamp64\\www\\P...')
#14 {main}
CRITICAL - 2022-02-03 05:05:00 --> Undefined variable: session
#0 C:\wamp64\www\Projet GSB\Projet-GSB-Git\app\Controllers\Back.php(136): CodeIgniter\Debug\Exceptions->errorHandler(8, 'Undefined varia...', 'C:\\wamp64\\www\\P...', 136, Array)
#1 C:\wamp64\www\Projet GSB\Projet-GSB-Git\system\CodeIgniter.php(825): App\Controllers\Back->frais()
#2 C:\wamp64\www\Projet GSB\Projet-GSB-Git\system\CodeIgniter.php(412): CodeIgniter\CodeIgniter->runController(Object(App\Controllers\Back))
#3 C:\wamp64\www\Projet GSB\Projet-GSB-Git\system\CodeIgniter.php(320): CodeIgniter\CodeIgniter->handleRequest(NULL, Object(Config\Cache), false)
#4 C:\wamp64\www\Projet GSB\Projet-GSB-Git\public\index.php(37): CodeIgniter\CodeIgniter->run()
#5 C:\wamp64\www\Projet GSB\Projet-GSB-Git\system\Commands\Server\rewrite.php(43): require_once('C:\\wamp64\\www\\P...')
#6 {main}
CRITICAL - 2022-02-03 05:05:38 --> Undefined property: App\Controllers\Front::$session
#0 C:\wamp64\www\Projet GSB\Projet-GSB-Git\app\Controllers\Front.php(18): CodeIgniter\Debug\Exceptions->errorHandler(8, 'Undefined prope...', 'C:\\wamp64\\www\\P...', 18, Array)
#1 C:\wamp64\www\Projet GSB\Projet-GSB-Git\system\CodeIgniter.php(825): App\Controllers\Front->FicheFrais2()
#2 C:\wamp64\www\Projet GSB\Projet-GSB-Git\system\CodeIgniter.php(412): CodeIgniter\CodeIgniter->runController(Object(App\Controllers\Front))
#3 C:\wamp64\www\Projet GSB\Projet-GSB-Git\system\CodeIgniter.php(320): CodeIgniter\CodeIgniter->handleRequest(NULL, Object(Config\Cache), false)
#4 C:\wamp64\www\Projet GSB\Projet-GSB-Git\public\index.php(37): CodeIgniter\CodeIgniter->run()
#5 C:\wamp64\www\Projet GSB\Projet-GSB-Git\system\Commands\Server\rewrite.php(43): require_once('C:\\wamp64\\www\\P...')
#6 {main}
CRITICAL - 2022-02-03 05:20:52 --> Undefined index: idd
#0 C:\wamp64\www\Projet GSB\Projet-GSB-Git\app\Views\noteDeFrais.php(28): CodeIgniter\Debug\Exceptions->errorHandler(8, 'Undefined index...', 'C:\\wamp64\\www\\P...', 28, Array)
#1 C:\wamp64\www\Projet GSB\Projet-GSB-Git\system\View\View.php(210): include('C:\\wamp64\\www\\P...')
#2 C:\wamp64\www\Projet GSB\Projet-GSB-Git\system\View\View.php(213): CodeIgniter\View\View->CodeIgniter\View\{closure}()
#3 C:\wamp64\www\Projet GSB\Projet-GSB-Git\system\Common.php(1089): CodeIgniter\View\View->render('noteDeFrais.php', Array, true)
#4 C:\wamp64\www\Projet GSB\Projet-GSB-Git\app\Controllers\Front.php(36): view('noteDeFrais.php')
#5 C:\wamp64\www\Projet GSB\Projet-GSB-Git\system\CodeIgniter.php(825): App\Controllers\Front->noteDeFrais()
#6 C:\wamp64\www\Projet GSB\Projet-GSB-Git\system\CodeIgniter.php(412): CodeIgniter\CodeIgniter->runController(Object(App\Controllers\Front))
#7 C:\wamp64\www\Projet GSB\Projet-GSB-Git\system\CodeIgniter.php(320): CodeIgniter\CodeIgniter->handleRequest(NULL, Object(Config\Cache), false)
#8 C:\wamp64\www\Projet GSB\Projet-GSB-Git\public\index.php(37): CodeIgniter\CodeIgniter->run()
#9 C:\wamp64\www\Projet GSB\Projet-GSB-Git\system\Commands\Server\rewrite.php(43): require_once('C:\\wamp64\\www\\P...')
#10 {main}
CRITICAL - 2022-02-03 05:24:27 --> Undefined index: idd
#0 C:\wamp64\www\Projet GSB\Projet-GSB-Git\app\Views\noteDeFrais.php(28): CodeIgniter\Debug\Exceptions->errorHandler(8, 'Undefined index...', 'C:\\wamp64\\www\\P...', 28, Array)
#1 C:\wamp64\www\Projet GSB\Projet-GSB-Git\system\View\View.php(210): include('C:\\wamp64\\www\\P...')
#2 C:\wamp64\www\Projet GSB\Projet-GSB-Git\system\View\View.php(213): CodeIgniter\View\View->CodeIgniter\View\{closure}()
#3 C:\wamp64\www\Projet GSB\Projet-GSB-Git\system\Common.php(1089): CodeIgniter\View\View->render('noteDeFrais.php', Array, true)
#4 C:\wamp64\www\Projet GSB\Projet-GSB-Git\app\Controllers\Front.php(36): view('noteDeFrais.php')
#5 C:\wamp64\www\Projet GSB\Projet-GSB-Git\system\CodeIgniter.php(825): App\Controllers\Front->noteDeFrais()
#6 C:\wamp64\www\Projet GSB\Projet-GSB-Git\system\CodeIgniter.php(412): CodeIgniter\CodeIgniter->runController(Object(App\Controllers\Front))
#7 C:\wamp64\www\Projet GSB\Projet-GSB-Git\system\CodeIgniter.php(320): CodeIgniter\CodeIgniter->handleRequest(NULL, Object(Config\Cache), false)
#8 C:\wamp64\www\Projet GSB\Projet-GSB-Git\public\index.php(37): CodeIgniter\CodeIgniter->run()
#9 C:\wamp64\www\Projet GSB\Projet-GSB-Git\system\Commands\Server\rewrite.php(43): require_once('C:\\wamp64\\www\\P...')
#10 {main}
CRITICAL - 2022-02-03 05:28:52 --> Undefined variable: _SESSION
#0 C:\wamp64\www\Projet GSB\Projet-GSB-Git\app\Controllers\Front.php(49): CodeIgniter\Debug\Exceptions->errorHandler(8, 'Undefined varia...', 'C:\\wamp64\\www\\P...', 49, Array)
#1 C:\wamp64\www\Projet GSB\Projet-GSB-Git\system\CodeIgniter.php(825): App\Controllers\Front->noteDeFrais()
#2 C:\wamp64\www\Projet GSB\Projet-GSB-Git\system\CodeIgniter.php(412): CodeIgniter\CodeIgniter->runController(Object(App\Controllers\Front))
#3 C:\wamp64\www\Projet GSB\Projet-GSB-Git\system\CodeIgniter.php(320): CodeIgniter\CodeIgniter->handleRequest(NULL, Object(Config\Cache), false)
#4 C:\wamp64\www\Projet GSB\Projet-GSB-Git\public\index.php(37): CodeIgniter\CodeIgniter->run()
#5 C:\wamp64\www\Projet GSB\Projet-GSB-Git\system\Commands\Server\rewrite.php(43): require_once('C:\\wamp64\\www\\P...')
#6 {main}
CRITICAL - 2022-02-03 05:29:35 --> Undefined index: identifiant
#0 C:\wamp64\www\Projet GSB\Projet-GSB-Git\app\Controllers\Front.php(50): CodeIgniter\Debug\Exceptions->errorHandler(8, 'Undefined index...', 'C:\\wamp64\\www\\P...', 50, Array)
#1 C:\wamp64\www\Projet GSB\Projet-GSB-Git\system\CodeIgniter.php(825): App\Controllers\Front->noteDeFrais()
#2 C:\wamp64\www\Projet GSB\Projet-GSB-Git\system\CodeIgniter.php(412): CodeIgniter\CodeIgniter->runController(Object(App\Controllers\Front))
#3 C:\wamp64\www\Projet GSB\Projet-GSB-Git\system\CodeIgniter.php(320): CodeIgniter\CodeIgniter->handleRequest(NULL, Object(Config\Cache), false)
#4 C:\wamp64\www\Projet GSB\Projet-GSB-Git\public\index.php(37): CodeIgniter\CodeIgniter->run()
#5 C:\wamp64\www\Projet GSB\Projet-GSB-Git\system\Commands\Server\rewrite.php(43): require_once('C:\\wamp64\\www\\P...')
#6 {main}
