CRITICAL - 2022-02-04 07:27:43 --> include(menu.php): failed to open stream: No such file or directory
#0 C:\wamp64\www\Projet GSB\Projet-GSB-Git\app\Views\noteDeFrais.php(9): CodeIgniter\Debug\Exceptions->errorHandler(2, 'include(menu.ph...', 'C:\\wamp64\\www\\P...', 9, Array)
#1 C:\wamp64\www\Projet GSB\Projet-GSB-Git\app\Views\noteDeFrais.php(9): include()
#2 C:\wamp64\www\Projet GSB\Projet-GSB-Git\system\View\View.php(210): include('C:\\wamp64\\www\\P...')
#3 C:\wamp64\www\Projet GSB\Projet-GSB-Git\system\View\View.php(213): CodeIgniter\View\View->CodeIgniter\View\{closure}()
#4 C:\wamp64\www\Projet GSB\Projet-GSB-Git\system\Common.php(1089): CodeIgniter\View\View->render('noteDeFrais.php', Array, true)
#5 C:\wamp64\www\Projet GSB\Projet-GSB-Git\app\Controllers\Front.php(74): view('noteDeFrais.php', Array)
#6 C:\wamp64\www\Projet GSB\Projet-GSB-Git\system\CodeIgniter.php(825): App\Controllers\Front->noteDeFrais()
#7 C:\wamp64\www\Projet GSB\Projet-GSB-Git\system\CodeIgniter.php(412): CodeIgniter\CodeIgniter->runController(Object(App\Controllers\Front))
#8 C:\wamp64\www\Projet GSB\Projet-GSB-Git\system\CodeIgniter.php(320): CodeIgniter\CodeIgniter->handleRequest(NULL, Object(Config\Cache), false)
#9 C:\wamp64\www\Projet GSB\Projet-GSB-Git\public\index.php(37): CodeIgniter\CodeIgniter->run()
#10 C:\wamp64\www\Projet GSB\Projet-GSB-Git\system\Commands\Server\rewrite.php(43): require_once('C:\\wamp64\\www\\P...')
#11 {main}
CRITICAL - 2022-02-04 07:27:45 --> include(menu.php): failed to open stream: No such file or directory
#0 C:\wamp64\www\Projet GSB\Projet-GSB-Git\app\Views\noteDeFrais.php(9): CodeIgniter\Debug\Exceptions->errorHandler(2, 'include(menu.ph...', 'C:\\wamp64\\www\\P...', 9, Array)
#1 C:\wamp64\www\Projet GSB\Projet-GSB-Git\app\Views\noteDeFrais.php(9): include()
#2 C:\wamp64\www\Projet GSB\Projet-GSB-Git\system\View\View.php(210): include('C:\\wamp64\\www\\P...')
#3 C:\wamp64\www\Projet GSB\Projet-GSB-Git\system\View\View.php(213): CodeIgniter\View\View->CodeIgniter\View\{closure}()
#4 C:\wamp64\www\Projet GSB\Projet-GSB-Git\system\Common.php(1089): CodeIgniter\View\View->render('noteDeFrais.php', Array, true)
#5 C:\wamp64\www\Projet GSB\Projet-GSB-Git\app\Controllers\Front.php(74): view('noteDeFrais.php', Array)
#6 C:\wamp64\www\Projet GSB\Projet-GSB-Git\system\CodeIgniter.php(825): App\Controllers\Front->noteDeFrais()
#7 C:\wamp64\www\Projet GSB\Projet-GSB-Git\system\CodeIgniter.php(412): CodeIgniter\CodeIgniter->runController(Object(App\Controllers\Front))
#8 C:\wamp64\www\Projet GSB\Projet-GSB-Git\system\CodeIgniter.php(320): CodeIgniter\CodeIgniter->handleRequest(NULL, Object(Config\Cache), false)
#9 C:\wamp64\www\Projet GSB\Projet-GSB-Git\public\index.php(37): CodeIgniter\CodeIgniter->run()
#10 C:\wamp64\www\Projet GSB\Projet-GSB-Git\system\Commands\Server\rewrite.php(43): require_once('C:\\wamp64\\www\\P...')
#11 {main}
