CRITICAL - 2022-01-21 08:32:45 --> Invalid file: note2Frais.php
#0 C:\wamp64\www\Projet GSB\Projet-GSB-Git\system\View\View.php(198): CodeIgniter\Exceptions\FrameworkException::forInvalidFile('note2Frais.php')
#1 C:\wamp64\www\Projet GSB\Projet-GSB-Git\system\Common.php(1089): CodeIgniter\View\View->render('note2Frais.php', Array, true)
#2 C:\wamp64\www\Projet GSB\Projet-GSB-Git\app\Controllers\Note2frais.php(9): view('note2Frais.php')
#3 C:\wamp64\www\Projet GSB\Projet-GSB-Git\system\CodeIgniter.php(825): App\Controllers\Note2Frais->index()
#4 C:\wamp64\www\Projet GSB\Projet-GSB-Git\system\CodeIgniter.php(412): CodeIgniter\CodeIgniter->runController(Object(App\Controllers\Note2Frais))
#5 C:\wamp64\www\Projet GSB\Projet-GSB-Git\system\CodeIgniter.php(320): CodeIgniter\CodeIgniter->handleRequest(NULL, Object(Config\Cache), false)
#6 C:\wamp64\www\Projet GSB\Projet-GSB-Git\public\index.php(37): CodeIgniter\CodeIgniter->run()
#7 C:\wamp64\www\Projet GSB\Projet-GSB-Git\system\Commands\Server\rewrite.php(43): require_once('C:\\wamp64\\www\\P...')
#8 {main}
CRITICAL - 2022-01-21 08:33:47 --> Invalid file: noteDeFrais.php
#0 C:\wamp64\www\Projet GSB\Projet-GSB-Git\system\View\View.php(198): CodeIgniter\Exceptions\FrameworkException::forInvalidFile('noteDeFrais.php')
#1 C:\wamp64\www\Projet GSB\Projet-GSB-Git\system\Common.php(1089): CodeIgniter\View\View->render('noteDeFrais.php', Array, true)
#2 C:\wamp64\www\Projet GSB\Projet-GSB-Git\app\Controllers\NoteDefrais.php(9): view('noteDeFrais.php')
#3 C:\wamp64\www\Projet GSB\Projet-GSB-Git\system\CodeIgniter.php(825): App\Controllers\NoteDeFrais->index()
#4 C:\wamp64\www\Projet GSB\Projet-GSB-Git\system\CodeIgniter.php(412): CodeIgniter\CodeIgniter->runController(Object(App\Controllers\NoteDeFrais))
#5 C:\wamp64\www\Projet GSB\Projet-GSB-Git\system\CodeIgniter.php(320): CodeIgniter\CodeIgniter->handleRequest(NULL, Object(Config\Cache), false)
#6 C:\wamp64\www\Projet GSB\Projet-GSB-Git\public\index.php(37): CodeIgniter\CodeIgniter->run()
#7 C:\wamp64\www\Projet GSB\Projet-GSB-Git\system\Commands\Server\rewrite.php(43): require_once('C:\\wamp64\\www\\P...')
#8 {main}
CRITICAL - 2022-01-21 08:42:11 --> syntax error, unexpected '}', expecting ';'
#0 C:\wamp64\www\Projet GSB\Projet-GSB-Git\system\Router\Router.php(175): CodeIgniter\Router\Router->autoRoute('noteDeFrais/tes...')
#1 C:\wamp64\www\Projet GSB\Projet-GSB-Git\system\CodeIgniter.php(719): CodeIgniter\Router\Router->handle('noteDeFrais/tes...')
#2 C:\wamp64\www\Projet GSB\Projet-GSB-Git\system\CodeIgniter.php(361): CodeIgniter\CodeIgniter->tryToRouteIt(Object(CodeIgniter\Router\RouteCollection))
#3 C:\wamp64\www\Projet GSB\Projet-GSB-Git\system\CodeIgniter.php(320): CodeIgniter\CodeIgniter->handleRequest(NULL, Object(Config\Cache), false)
#4 C:\wamp64\www\Projet GSB\Projet-GSB-Git\public\index.php(37): CodeIgniter\CodeIgniter->run()
#5 C:\wamp64\www\Projet GSB\Projet-GSB-Git\system\Commands\Server\rewrite.php(43): require_once('C:\\wamp64\\www\\P...')
#6 {main}
CRITICAL - 2022-01-21 08:50:46 --> syntax error, unexpected 'echo' (T_ECHO), expecting ';' or ','
#0 C:\wamp64\www\Projet GSB\Projet-GSB-Git\system\View\View.php(213): CodeIgniter\View\View->CodeIgniter\View\{closure}()
#1 C:\wamp64\www\Projet GSB\Projet-GSB-Git\system\Common.php(1089): CodeIgniter\View\View->render('deconnexion.php', Array, true)
#2 C:\wamp64\www\Projet GSB\Projet-GSB-Git\app\Controllers\NoteDefrais.php(17): view('deconnexion.php')
#3 C:\wamp64\www\Projet GSB\Projet-GSB-Git\system\CodeIgniter.php(825): App\Controllers\NoteDeFrais->deconnection()
#4 C:\wamp64\www\Projet GSB\Projet-GSB-Git\system\CodeIgniter.php(412): CodeIgniter\CodeIgniter->runController(Object(App\Controllers\NoteDeFrais))
#5 C:\wamp64\www\Projet GSB\Projet-GSB-Git\system\CodeIgniter.php(320): CodeIgniter\CodeIgniter->handleRequest(NULL, Object(Config\Cache), false)
#6 C:\wamp64\www\Projet GSB\Projet-GSB-Git\public\index.php(37): CodeIgniter\CodeIgniter->run()
#7 C:\wamp64\www\Projet GSB\Projet-GSB-Git\system\Commands\Server\rewrite.php(43): require_once('C:\\wamp64\\www\\P...')
#8 {main}
CRITICAL - 2022-01-21 08:52:32 --> noteDeFrais/test route cannot be found while reverse-routing.
#0 C:\wamp64\www\Projet GSB\Projet-GSB-Git\system\Helpers\url_helper.php(538): CodeIgniter\Router\Exceptions\RouterException::forInvalidRoute('noteDeFrais/tes...')
#1 C:\wamp64\www\Projet GSB\Projet-GSB-Git\app\Views\deconnexion.php(6): url_to('noteDeFrais/tes...')
#2 C:\wamp64\www\Projet GSB\Projet-GSB-Git\system\View\View.php(210): include('C:\\wamp64\\www\\P...')
#3 C:\wamp64\www\Projet GSB\Projet-GSB-Git\system\View\View.php(213): CodeIgniter\View\View->CodeIgniter\View\{closure}()
#4 C:\wamp64\www\Projet GSB\Projet-GSB-Git\system\Common.php(1089): CodeIgniter\View\View->render('deconnexion.php', Array, true)
#5 C:\wamp64\www\Projet GSB\Projet-GSB-Git\app\Controllers\NoteDefrais.php(17): view('deconnexion.php')
#6 C:\wamp64\www\Projet GSB\Projet-GSB-Git\system\CodeIgniter.php(825): App\Controllers\NoteDeFrais->deconnection()
#7 C:\wamp64\www\Projet GSB\Projet-GSB-Git\system\CodeIgniter.php(412): CodeIgniter\CodeIgniter->runController(Object(App\Controllers\NoteDeFrais))
#8 C:\wamp64\www\Projet GSB\Projet-GSB-Git\system\CodeIgniter.php(320): CodeIgniter\CodeIgniter->handleRequest(NULL, Object(Config\Cache), false)
#9 C:\wamp64\www\Projet GSB\Projet-GSB-Git\public\index.php(37): CodeIgniter\CodeIgniter->run()
#10 C:\wamp64\www\Projet GSB\Projet-GSB-Git\system\Commands\Server\rewrite.php(43): require_once('C:\\wamp64\\www\\P...')
#11 {main}
CRITICAL - 2022-01-21 08:52:50 --> test route cannot be found while reverse-routing.
#0 C:\wamp64\www\Projet GSB\Projet-GSB-Git\system\Helpers\url_helper.php(538): CodeIgniter\Router\Exceptions\RouterException::forInvalidRoute('test')
#1 C:\wamp64\www\Projet GSB\Projet-GSB-Git\app\Views\deconnexion.php(6): url_to('test')
#2 C:\wamp64\www\Projet GSB\Projet-GSB-Git\system\View\View.php(210): include('C:\\wamp64\\www\\P...')
#3 C:\wamp64\www\Projet GSB\Projet-GSB-Git\system\View\View.php(213): CodeIgniter\View\View->CodeIgniter\View\{closure}()
#4 C:\wamp64\www\Projet GSB\Projet-GSB-Git\system\Common.php(1089): CodeIgniter\View\View->render('deconnexion.php', Array, true)
#5 C:\wamp64\www\Projet GSB\Projet-GSB-Git\app\Controllers\NoteDefrais.php(17): view('deconnexion.php')
#6 C:\wamp64\www\Projet GSB\Projet-GSB-Git\system\CodeIgniter.php(825): App\Controllers\NoteDeFrais->deconnection()
#7 C:\wamp64\www\Projet GSB\Projet-GSB-Git\system\CodeIgniter.php(412): CodeIgniter\CodeIgniter->runController(Object(App\Controllers\NoteDeFrais))
#8 C:\wamp64\www\Projet GSB\Projet-GSB-Git\system\CodeIgniter.php(320): CodeIgniter\CodeIgniter->handleRequest(NULL, Object(Config\Cache), false)
#9 C:\wamp64\www\Projet GSB\Projet-GSB-Git\public\index.php(37): CodeIgniter\CodeIgniter->run()
#10 C:\wamp64\www\Projet GSB\Projet-GSB-Git\system\Commands\Server\rewrite.php(43): require_once('C:\\wamp64\\www\\P...')
#11 {main}
CRITICAL - 2022-01-21 08:53:16 --> Controller or its method is not found: NoteDeFrais::test
#0 C:\wamp64\www\Projet GSB\Projet-GSB-Git\system\Helpers\url_helper.php(535): CodeIgniter\Router\Exceptions\RouterException::forControllerNotFound('NoteDeFrais', 'test')
#1 C:\wamp64\www\Projet GSB\Projet-GSB-Git\app\Views\deconnexion.php(6): url_to('NoteDeFrais::te...')
#2 C:\wamp64\www\Projet GSB\Projet-GSB-Git\system\View\View.php(210): include('C:\\wamp64\\www\\P...')
#3 C:\wamp64\www\Projet GSB\Projet-GSB-Git\system\View\View.php(213): CodeIgniter\View\View->CodeIgniter\View\{closure}()
#4 C:\wamp64\www\Projet GSB\Projet-GSB-Git\system\Common.php(1089): CodeIgniter\View\View->render('deconnexion.php', Array, true)
#5 C:\wamp64\www\Projet GSB\Projet-GSB-Git\app\Controllers\NoteDefrais.php(17): view('deconnexion.php')
#6 C:\wamp64\www\Projet GSB\Projet-GSB-Git\system\CodeIgniter.php(825): App\Controllers\NoteDeFrais->deconnection()
#7 C:\wamp64\www\Projet GSB\Projet-GSB-Git\system\CodeIgniter.php(412): CodeIgniter\CodeIgniter->runController(Object(App\Controllers\NoteDeFrais))
#8 C:\wamp64\www\Projet GSB\Projet-GSB-Git\system\CodeIgniter.php(320): CodeIgniter\CodeIgniter->handleRequest(NULL, Object(Config\Cache), false)
#9 C:\wamp64\www\Projet GSB\Projet-GSB-Git\public\index.php(37): CodeIgniter\CodeIgniter->run()
#10 C:\wamp64\www\Projet GSB\Projet-GSB-Git\system\Commands\Server\rewrite.php(43): require_once('C:\\wamp64\\www\\P...')
#11 {main}
CRITICAL - 2022-01-21 08:54:22 --> Controller or its method is not found: NoteDeFrais::deconnection
#0 C:\wamp64\www\Projet GSB\Projet-GSB-Git\system\Helpers\url_helper.php(535): CodeIgniter\Router\Exceptions\RouterException::forControllerNotFound('NoteDeFrais', 'deconnection')
#1 C:\wamp64\www\Projet GSB\Projet-GSB-Git\app\Views\deconnexion.php(6): url_to('NoteDeFrais::de...')
#2 C:\wamp64\www\Projet GSB\Projet-GSB-Git\system\View\View.php(210): include('C:\\wamp64\\www\\P...')
#3 C:\wamp64\www\Projet GSB\Projet-GSB-Git\system\View\View.php(213): CodeIgniter\View\View->CodeIgniter\View\{closure}()
#4 C:\wamp64\www\Projet GSB\Projet-GSB-Git\system\Common.php(1089): CodeIgniter\View\View->render('deconnexion.php', Array, true)
#5 C:\wamp64\www\Projet GSB\Projet-GSB-Git\app\Controllers\NoteDefrais.php(17): view('deconnexion.php')
#6 C:\wamp64\www\Projet GSB\Projet-GSB-Git\system\CodeIgniter.php(825): App\Controllers\NoteDeFrais->deconnection()
#7 C:\wamp64\www\Projet GSB\Projet-GSB-Git\system\CodeIgniter.php(412): CodeIgniter\CodeIgniter->runController(Object(App\Controllers\NoteDeFrais))
#8 C:\wamp64\www\Projet GSB\Projet-GSB-Git\system\CodeIgniter.php(320): CodeIgniter\CodeIgniter->handleRequest(NULL, Object(Config\Cache), false)
#9 C:\wamp64\www\Projet GSB\Projet-GSB-Git\public\index.php(37): CodeIgniter\CodeIgniter->run()
#10 C:\wamp64\www\Projet GSB\Projet-GSB-Git\system\Commands\Server\rewrite.php(43): require_once('C:\\wamp64\\www\\P...')
#11 {main}
CRITICAL - 2022-01-21 08:55:02 --> Controller or its method is not found: noteDeFrais::deconnection
#0 C:\wamp64\www\Projet GSB\Projet-GSB-Git\system\Helpers\url_helper.php(535): CodeIgniter\Router\Exceptions\RouterException::forControllerNotFound('noteDeFrais', 'deconnection')
#1 C:\wamp64\www\Projet GSB\Projet-GSB-Git\app\Views\deconnexion.php(6): url_to('noteDeFrais::de...')
#2 C:\wamp64\www\Projet GSB\Projet-GSB-Git\system\View\View.php(210): include('C:\\wamp64\\www\\P...')
#3 C:\wamp64\www\Projet GSB\Projet-GSB-Git\system\View\View.php(213): CodeIgniter\View\View->CodeIgniter\View\{closure}()
#4 C:\wamp64\www\Projet GSB\Projet-GSB-Git\system\Common.php(1089): CodeIgniter\View\View->render('deconnexion.php', Array, true)
#5 C:\wamp64\www\Projet GSB\Projet-GSB-Git\app\Controllers\NoteDefrais.php(17): view('deconnexion.php')
#6 C:\wamp64\www\Projet GSB\Projet-GSB-Git\system\CodeIgniter.php(825): App\Controllers\NoteDeFrais->deconnection()
#7 C:\wamp64\www\Projet GSB\Projet-GSB-Git\system\CodeIgniter.php(412): CodeIgniter\CodeIgniter->runController(Object(App\Controllers\NoteDeFrais))
#8 C:\wamp64\www\Projet GSB\Projet-GSB-Git\system\CodeIgniter.php(320): CodeIgniter\CodeIgniter->handleRequest(NULL, Object(Config\Cache), false)
#9 C:\wamp64\www\Projet GSB\Projet-GSB-Git\public\index.php(37): CodeIgniter\CodeIgniter->run()
#10 C:\wamp64\www\Projet GSB\Projet-GSB-Git\system\Commands\Server\rewrite.php(43): require_once('C:\\wamp64\\www\\P...')
#11 {main}
CRITICAL - 2022-01-21 08:56:48 --> Controller or its method is not found: noteDeFrais::deconnection
#0 C:\wamp64\www\Projet GSB\Projet-GSB-Git\system\Helpers\url_helper.php(535): CodeIgniter\Router\Exceptions\RouterException::forControllerNotFound('noteDeFrais', 'deconnection')
#1 C:\wamp64\www\Projet GSB\Projet-GSB-Git\app\Views\deconnexion.php(6): url_to('noteDeFrais::de...')
#2 C:\wamp64\www\Projet GSB\Projet-GSB-Git\system\View\View.php(210): include('C:\\wamp64\\www\\P...')
#3 C:\wamp64\www\Projet GSB\Projet-GSB-Git\system\View\View.php(213): CodeIgniter\View\View->CodeIgniter\View\{closure}()
#4 C:\wamp64\www\Projet GSB\Projet-GSB-Git\system\Common.php(1089): CodeIgniter\View\View->render('deconnexion.php', Array, true)
#5 C:\wamp64\www\Projet GSB\Projet-GSB-Git\app\Controllers\NoteDefrais.php(17): view('deconnexion.php')
#6 C:\wamp64\www\Projet GSB\Projet-GSB-Git\system\CodeIgniter.php(825): App\Controllers\NoteDeFrais->deconnection()
#7 C:\wamp64\www\Projet GSB\Projet-GSB-Git\system\CodeIgniter.php(412): CodeIgniter\CodeIgniter->runController(Object(App\Controllers\NoteDeFrais))
#8 C:\wamp64\www\Projet GSB\Projet-GSB-Git\system\CodeIgniter.php(320): CodeIgniter\CodeIgniter->handleRequest(NULL, Object(Config\Cache), false)
#9 C:\wamp64\www\Projet GSB\Projet-GSB-Git\public\index.php(37): CodeIgniter\CodeIgniter->run()
#10 C:\wamp64\www\Projet GSB\Projet-GSB-Git\system\Commands\Server\rewrite.php(43): require_once('C:\\wamp64\\www\\P...')
#11 {main}
CRITICAL - 2022-01-21 08:57:53 --> Controller or its method is not found: noteDeFrais::deconnection
#0 C:\wamp64\www\Projet GSB\Projet-GSB-Git\system\Helpers\url_helper.php(535): CodeIgniter\Router\Exceptions\RouterException::forControllerNotFound('noteDeFrais', 'deconnection')
#1 C:\wamp64\www\Projet GSB\Projet-GSB-Git\app\Views\deconnexion.php(6): url_to('noteDeFrais::de...')
#2 C:\wamp64\www\Projet GSB\Projet-GSB-Git\system\View\View.php(210): include('C:\\wamp64\\www\\P...')
#3 C:\wamp64\www\Projet GSB\Projet-GSB-Git\system\View\View.php(213): CodeIgniter\View\View->CodeIgniter\View\{closure}()
#4 C:\wamp64\www\Projet GSB\Projet-GSB-Git\system\Common.php(1089): CodeIgniter\View\View->render('deconnexion.php', Array, true)
#5 C:\wamp64\www\Projet GSB\Projet-GSB-Git\app\Controllers\NoteDefrais.php(17): view('deconnexion.php')
#6 C:\wamp64\www\Projet GSB\Projet-GSB-Git\system\CodeIgniter.php(825): App\Controllers\NoteDeFrais->deconnection()
#7 C:\wamp64\www\Projet GSB\Projet-GSB-Git\system\CodeIgniter.php(412): CodeIgniter\CodeIgniter->runController(Object(App\Controllers\NoteDeFrais))
#8 C:\wamp64\www\Projet GSB\Projet-GSB-Git\system\CodeIgniter.php(320): CodeIgniter\CodeIgniter->handleRequest(NULL, Object(Config\Cache), false)
#9 C:\wamp64\www\Projet GSB\Projet-GSB-Git\public\index.php(37): CodeIgniter\CodeIgniter->run()
#10 C:\wamp64\www\Projet GSB\Projet-GSB-Git\system\Commands\Server\rewrite.php(43): require_once('C:\\wamp64\\www\\P...')
#11 {main}
CRITICAL - 2022-01-21 09:00:01 --> Controller or its method is not found: Home::index
#0 C:\wamp64\www\Projet GSB\Projet-GSB-Git\system\Helpers\url_helper.php(535): CodeIgniter\Router\Exceptions\RouterException::forControllerNotFound('Home', 'index')
#1 C:\wamp64\www\Projet GSB\Projet-GSB-Git\app\Views\deconnexion.php(6): url_to('Home::index')
#2 C:\wamp64\www\Projet GSB\Projet-GSB-Git\system\View\View.php(210): include('C:\\wamp64\\www\\P...')
#3 C:\wamp64\www\Projet GSB\Projet-GSB-Git\system\View\View.php(213): CodeIgniter\View\View->CodeIgniter\View\{closure}()
#4 C:\wamp64\www\Projet GSB\Projet-GSB-Git\system\Common.php(1089): CodeIgniter\View\View->render('deconnexion.php', Array, true)
#5 C:\wamp64\www\Projet GSB\Projet-GSB-Git\app\Controllers\NoteDefrais.php(17): view('deconnexion.php')
#6 C:\wamp64\www\Projet GSB\Projet-GSB-Git\system\CodeIgniter.php(825): App\Controllers\NoteDeFrais->deconnection()
#7 C:\wamp64\www\Projet GSB\Projet-GSB-Git\system\CodeIgniter.php(412): CodeIgniter\CodeIgniter->runController(Object(App\Controllers\NoteDeFrais))
#8 C:\wamp64\www\Projet GSB\Projet-GSB-Git\system\CodeIgniter.php(320): CodeIgniter\CodeIgniter->handleRequest(NULL, Object(Config\Cache), false)
#9 C:\wamp64\www\Projet GSB\Projet-GSB-Git\public\index.php(37): CodeIgniter\CodeIgniter->run()
#10 C:\wamp64\www\Projet GSB\Projet-GSB-Git\system\Commands\Server\rewrite.php(43): require_once('C:\\wamp64\\www\\P...')
#11 {main}
CRITICAL - 2022-01-21 09:00:04 --> Controller or its method is not found: Home::index
#0 C:\wamp64\www\Projet GSB\Projet-GSB-Git\system\Helpers\url_helper.php(535): CodeIgniter\Router\Exceptions\RouterException::forControllerNotFound('Home', 'index')
#1 C:\wamp64\www\Projet GSB\Projet-GSB-Git\app\Views\deconnexion.php(6): url_to('Home::index')
#2 C:\wamp64\www\Projet GSB\Projet-GSB-Git\system\View\View.php(210): include('C:\\wamp64\\www\\P...')
#3 C:\wamp64\www\Projet GSB\Projet-GSB-Git\system\View\View.php(213): CodeIgniter\View\View->CodeIgniter\View\{closure}()
#4 C:\wamp64\www\Projet GSB\Projet-GSB-Git\system\Common.php(1089): CodeIgniter\View\View->render('deconnexion.php', Array, true)
#5 C:\wamp64\www\Projet GSB\Projet-GSB-Git\app\Controllers\NoteDefrais.php(17): view('deconnexion.php')
#6 C:\wamp64\www\Projet GSB\Projet-GSB-Git\system\CodeIgniter.php(825): App\Controllers\NoteDeFrais->deconnection()
#7 C:\wamp64\www\Projet GSB\Projet-GSB-Git\system\CodeIgniter.php(412): CodeIgniter\CodeIgniter->runController(Object(App\Controllers\NoteDeFrais))
#8 C:\wamp64\www\Projet GSB\Projet-GSB-Git\system\CodeIgniter.php(320): CodeIgniter\CodeIgniter->handleRequest(NULL, Object(Config\Cache), false)
#9 C:\wamp64\www\Projet GSB\Projet-GSB-Git\public\index.php(37): CodeIgniter\CodeIgniter->run()
#10 C:\wamp64\www\Projet GSB\Projet-GSB-Git\system\Commands\Server\rewrite.php(43): require_once('C:\\wamp64\\www\\P...')
#11 {main}
CRITICAL - 2022-01-21 09:01:33 --> Home route cannot be found while reverse-routing.
#0 C:\wamp64\www\Projet GSB\Projet-GSB-Git\system\Helpers\url_helper.php(538): CodeIgniter\Router\Exceptions\RouterException::forInvalidRoute('Home')
#1 C:\wamp64\www\Projet GSB\Projet-GSB-Git\app\Views\deconnexion.php(6): url_to('Home', 'index')
#2 C:\wamp64\www\Projet GSB\Projet-GSB-Git\system\View\View.php(210): include('C:\\wamp64\\www\\P...')
#3 C:\wamp64\www\Projet GSB\Projet-GSB-Git\system\View\View.php(213): CodeIgniter\View\View->CodeIgniter\View\{closure}()
#4 C:\wamp64\www\Projet GSB\Projet-GSB-Git\system\Common.php(1089): CodeIgniter\View\View->render('deconnexion.php', Array, true)
#5 C:\wamp64\www\Projet GSB\Projet-GSB-Git\app\Controllers\NoteDefrais.php(17): view('deconnexion.php')
#6 C:\wamp64\www\Projet GSB\Projet-GSB-Git\system\CodeIgniter.php(825): App\Controllers\NoteDeFrais->deconnection()
#7 C:\wamp64\www\Projet GSB\Projet-GSB-Git\system\CodeIgniter.php(412): CodeIgniter\CodeIgniter->runController(Object(App\Controllers\NoteDeFrais))
#8 C:\wamp64\www\Projet GSB\Projet-GSB-Git\system\CodeIgniter.php(320): CodeIgniter\CodeIgniter->handleRequest(NULL, Object(Config\Cache), false)
#9 C:\wamp64\www\Projet GSB\Projet-GSB-Git\public\index.php(37): CodeIgniter\CodeIgniter->run()
#10 C:\wamp64\www\Projet GSB\Projet-GSB-Git\system\Commands\Server\rewrite.php(43): require_once('C:\\wamp64\\www\\P...')
#11 {main}
CRITICAL - 2022-01-21 09:04:49 --> Controller or its method is not found: NoteDeFrais::index
#0 C:\wamp64\www\Projet GSB\Projet-GSB-Git\system\Helpers\url_helper.php(535): CodeIgniter\Router\Exceptions\RouterException::forControllerNotFound('NoteDeFrais', 'index')
#1 C:\wamp64\www\Projet GSB\Projet-GSB-Git\app\Views\deconnexion.php(7): url_to('NoteDeFrais::in...')
#2 C:\wamp64\www\Projet GSB\Projet-GSB-Git\system\View\View.php(210): include('C:\\wamp64\\www\\P...')
#3 C:\wamp64\www\Projet GSB\Projet-GSB-Git\system\View\View.php(213): CodeIgniter\View\View->CodeIgniter\View\{closure}()
#4 C:\wamp64\www\Projet GSB\Projet-GSB-Git\system\Common.php(1089): CodeIgniter\View\View->render('deconnexion.php', Array, true)
#5 C:\wamp64\www\Projet GSB\Projet-GSB-Git\app\Controllers\NoteDefrais.php(17): view('deconnexion.php')
#6 C:\wamp64\www\Projet GSB\Projet-GSB-Git\system\CodeIgniter.php(825): App\Controllers\NoteDeFrais->deconnection()
#7 C:\wamp64\www\Projet GSB\Projet-GSB-Git\system\CodeIgniter.php(412): CodeIgniter\CodeIgniter->runController(Object(App\Controllers\NoteDeFrais))
#8 C:\wamp64\www\Projet GSB\Projet-GSB-Git\system\CodeIgniter.php(320): CodeIgniter\CodeIgniter->handleRequest(NULL, Object(Config\Cache), false)
#9 C:\wamp64\www\Projet GSB\Projet-GSB-Git\public\index.php(37): CodeIgniter\CodeIgniter->run()
#10 C:\wamp64\www\Projet GSB\Projet-GSB-Git\system\Commands\Server\rewrite.php(43): require_once('C:\\wamp64\\www\\P...')
#11 {main}
CRITICAL - 2022-01-21 09:06:30 --> Controller or its method is not found: App\Controller\NoteDeFrais::index
#0 C:\wamp64\www\Projet GSB\Projet-GSB-Git\system\Helpers\url_helper.php(535): CodeIgniter\Router\Exceptions\RouterException::forControllerNotFound('App\\Controller\\...', 'index')
#1 C:\wamp64\www\Projet GSB\Projet-GSB-Git\app\Views\deconnexion.php(7): url_to('App\\Controller\\...')
#2 C:\wamp64\www\Projet GSB\Projet-GSB-Git\system\View\View.php(210): include('C:\\wamp64\\www\\P...')
#3 C:\wamp64\www\Projet GSB\Projet-GSB-Git\system\View\View.php(213): CodeIgniter\View\View->CodeIgniter\View\{closure}()
#4 C:\wamp64\www\Projet GSB\Projet-GSB-Git\system\Common.php(1089): CodeIgniter\View\View->render('deconnexion.php', Array, true)
#5 C:\wamp64\www\Projet GSB\Projet-GSB-Git\app\Controllers\NoteDefrais.php(17): view('deconnexion.php')
#6 C:\wamp64\www\Projet GSB\Projet-GSB-Git\system\CodeIgniter.php(825): App\Controllers\NoteDeFrais->deconnection()
#7 C:\wamp64\www\Projet GSB\Projet-GSB-Git\system\CodeIgniter.php(412): CodeIgniter\CodeIgniter->runController(Object(App\Controllers\NoteDeFrais))
#8 C:\wamp64\www\Projet GSB\Projet-GSB-Git\system\CodeIgniter.php(320): CodeIgniter\CodeIgniter->handleRequest(NULL, Object(Config\Cache), false)
#9 C:\wamp64\www\Projet GSB\Projet-GSB-Git\public\index.php(37): CodeIgniter\CodeIgniter->run()
#10 C:\wamp64\www\Projet GSB\Projet-GSB-Git\system\Commands\Server\rewrite.php(43): require_once('C:\\wamp64\\www\\P...')
#11 {main}
CRITICAL - 2022-01-21 09:06:32 --> Controller or its method is not found: App\Controller\NoteDeFrais::index
#0 C:\wamp64\www\Projet GSB\Projet-GSB-Git\system\Helpers\url_helper.php(535): CodeIgniter\Router\Exceptions\RouterException::forControllerNotFound('App\\Controller\\...', 'index')
#1 C:\wamp64\www\Projet GSB\Projet-GSB-Git\app\Views\deconnexion.php(7): url_to('App\\Controller\\...')
#2 C:\wamp64\www\Projet GSB\Projet-GSB-Git\system\View\View.php(210): include('C:\\wamp64\\www\\P...')
#3 C:\wamp64\www\Projet GSB\Projet-GSB-Git\system\View\View.php(213): CodeIgniter\View\View->CodeIgniter\View\{closure}()
#4 C:\wamp64\www\Projet GSB\Projet-GSB-Git\system\Common.php(1089): CodeIgniter\View\View->render('deconnexion.php', Array, true)
#5 C:\wamp64\www\Projet GSB\Projet-GSB-Git\app\Controllers\NoteDefrais.php(17): view('deconnexion.php')
#6 C:\wamp64\www\Projet GSB\Projet-GSB-Git\system\CodeIgniter.php(825): App\Controllers\NoteDeFrais->deconnection()
#7 C:\wamp64\www\Projet GSB\Projet-GSB-Git\system\CodeIgniter.php(412): CodeIgniter\CodeIgniter->runController(Object(App\Controllers\NoteDeFrais))
#8 C:\wamp64\www\Projet GSB\Projet-GSB-Git\system\CodeIgniter.php(320): CodeIgniter\CodeIgniter->handleRequest(NULL, Object(Config\Cache), false)
#9 C:\wamp64\www\Projet GSB\Projet-GSB-Git\public\index.php(37): CodeIgniter\CodeIgniter->run()
#10 C:\wamp64\www\Projet GSB\Projet-GSB-Git\system\Commands\Server\rewrite.php(43): require_once('C:\\wamp64\\www\\P...')
#11 {main}
CRITICAL - 2022-01-21 09:06:46 --> Controller or its method is not found: app\Controller\NoteDeFrais::index
#0 C:\wamp64\www\Projet GSB\Projet-GSB-Git\system\Helpers\url_helper.php(535): CodeIgniter\Router\Exceptions\RouterException::forControllerNotFound('app\\Controller\\...', 'index')
#1 C:\wamp64\www\Projet GSB\Projet-GSB-Git\app\Views\deconnexion.php(7): url_to('app\\Controller\\...')
#2 C:\wamp64\www\Projet GSB\Projet-GSB-Git\system\View\View.php(210): include('C:\\wamp64\\www\\P...')
#3 C:\wamp64\www\Projet GSB\Projet-GSB-Git\system\View\View.php(213): CodeIgniter\View\View->CodeIgniter\View\{closure}()
#4 C:\wamp64\www\Projet GSB\Projet-GSB-Git\system\Common.php(1089): CodeIgniter\View\View->render('deconnexion.php', Array, true)
#5 C:\wamp64\www\Projet GSB\Projet-GSB-Git\app\Controllers\NoteDefrais.php(17): view('deconnexion.php')
#6 C:\wamp64\www\Projet GSB\Projet-GSB-Git\system\CodeIgniter.php(825): App\Controllers\NoteDeFrais->deconnection()
#7 C:\wamp64\www\Projet GSB\Projet-GSB-Git\system\CodeIgniter.php(412): CodeIgniter\CodeIgniter->runController(Object(App\Controllers\NoteDeFrais))
#8 C:\wamp64\www\Projet GSB\Projet-GSB-Git\system\CodeIgniter.php(320): CodeIgniter\CodeIgniter->handleRequest(NULL, Object(Config\Cache), false)
#9 C:\wamp64\www\Projet GSB\Projet-GSB-Git\public\index.php(37): CodeIgniter\CodeIgniter->run()
#10 C:\wamp64\www\Projet GSB\Projet-GSB-Git\system\Commands\Server\rewrite.php(43): require_once('C:\\wamp64\\www\\P...')
#11 {main}
CRITICAL - 2022-01-21 10:13:53 --> Invalid file: Fiche2Frais.php
#0 C:\wamp64\www\Projet GSB\Projet-GSB-Git\system\View\View.php(198): CodeIgniter\Exceptions\FrameworkException::forInvalidFile('Fiche2Frais.php')
#1 C:\wamp64\www\Projet GSB\Projet-GSB-Git\system\Common.php(1089): CodeIgniter\View\View->render('Fiche2Frais.php', Array, true)
#2 C:\wamp64\www\Projet GSB\Projet-GSB-Git\app\Controllers\Test.php(18): view('Fiche2Frais.php')
#3 C:\wamp64\www\Projet GSB\Projet-GSB-Git\system\CodeIgniter.php(825): App\Controllers\Test->Fiche2Frais()
#4 C:\wamp64\www\Projet GSB\Projet-GSB-Git\system\CodeIgniter.php(412): CodeIgniter\CodeIgniter->runController(Object(App\Controllers\Test))
#5 C:\wamp64\www\Projet GSB\Projet-GSB-Git\system\CodeIgniter.php(320): CodeIgniter\CodeIgniter->handleRequest(NULL, Object(Config\Cache), false)
#6 C:\wamp64\www\Projet GSB\Projet-GSB-Git\public\index.php(37): CodeIgniter\CodeIgniter->run()
#7 C:\wamp64\www\Projet GSB\Projet-GSB-Git\system\Commands\Server\rewrite.php(43): require_once('C:\\wamp64\\www\\P...')
#8 {main}
CRITICAL - 2022-01-21 11:13:45 -->  route cannot be found while reverse-routing.
#0 C:\wamp64\www\Projet GSB\Projet-GSB-Git\system\HTTP\RedirectResponse.php(56): CodeIgniter\HTTP\Exceptions\HTTPException::forInvalidRedirectRoute('')
#1 C:\wamp64\www\Projet GSB\Projet-GSB-Git\system\Common.php(832): CodeIgniter\HTTP\RedirectResponse->route(false)
#2 C:\wamp64\www\Projet GSB\Projet-GSB-Git\app\Views\page-inscription.php(26): redirect('Front/inscripti...')
#3 C:\wamp64\www\Projet GSB\Projet-GSB-Git\system\View\View.php(210): include('C:\\wamp64\\www\\P...')
#4 C:\wamp64\www\Projet GSB\Projet-GSB-Git\system\View\View.php(213): CodeIgniter\View\View->CodeIgniter\View\{closure}()
#5 C:\wamp64\www\Projet GSB\Projet-GSB-Git\system\Common.php(1089): CodeIgniter\View\View->render('page-inscriptio...', Array, true)
#6 C:\wamp64\www\Projet GSB\Projet-GSB-Git\app\Controllers\Back.php(12): view('page-inscriptio...')
#7 C:\wamp64\www\Projet GSB\Projet-GSB-Git\system\CodeIgniter.php(825): App\Controllers\Back->pageInscription()
#8 C:\wamp64\www\Projet GSB\Projet-GSB-Git\system\CodeIgniter.php(412): CodeIgniter\CodeIgniter->runController(Object(App\Controllers\Back))
#9 C:\wamp64\www\Projet GSB\Projet-GSB-Git\system\CodeIgniter.php(320): CodeIgniter\CodeIgniter->handleRequest(NULL, Object(Config\Cache), false)
#10 C:\wamp64\www\Projet GSB\Projet-GSB-Git\public\index.php(37): CodeIgniter\CodeIgniter->run()
#11 C:\wamp64\www\Projet GSB\Projet-GSB-Git\system\Commands\Server\rewrite.php(43): require_once('C:\\wamp64\\www\\P...')
#12 {main}
CRITICAL - 2022-01-21 11:14:04 -->  route cannot be found while reverse-routing.
#0 C:\wamp64\www\Projet GSB\Projet-GSB-Git\system\HTTP\RedirectResponse.php(56): CodeIgniter\HTTP\Exceptions\HTTPException::forInvalidRedirectRoute('')
#1 C:\wamp64\www\Projet GSB\Projet-GSB-Git\system\Common.php(832): CodeIgniter\HTTP\RedirectResponse->route(false)
#2 C:\wamp64\www\Projet GSB\Projet-GSB-Git\app\Views\page-inscription.php(26): redirect('Front::inscript...')
#3 C:\wamp64\www\Projet GSB\Projet-GSB-Git\system\View\View.php(210): include('C:\\wamp64\\www\\P...')
#4 C:\wamp64\www\Projet GSB\Projet-GSB-Git\system\View\View.php(213): CodeIgniter\View\View->CodeIgniter\View\{closure}()
#5 C:\wamp64\www\Projet GSB\Projet-GSB-Git\system\Common.php(1089): CodeIgniter\View\View->render('page-inscriptio...', Array, true)
#6 C:\wamp64\www\Projet GSB\Projet-GSB-Git\app\Controllers\Back.php(12): view('page-inscriptio...')
#7 C:\wamp64\www\Projet GSB\Projet-GSB-Git\system\CodeIgniter.php(825): App\Controllers\Back->pageInscription()
#8 C:\wamp64\www\Projet GSB\Projet-GSB-Git\system\CodeIgniter.php(412): CodeIgniter\CodeIgniter->runController(Object(App\Controllers\Back))
#9 C:\wamp64\www\Projet GSB\Projet-GSB-Git\system\CodeIgniter.php(320): CodeIgniter\CodeIgniter->handleRequest(NULL, Object(Config\Cache), false)
#10 C:\wamp64\www\Projet GSB\Projet-GSB-Git\public\index.php(37): CodeIgniter\CodeIgniter->run()
#11 C:\wamp64\www\Projet GSB\Projet-GSB-Git\system\Commands\Server\rewrite.php(43): require_once('C:\\wamp64\\www\\P...')
#12 {main}
CRITICAL - 2022-01-21 11:15:29 --> Object of class CodeIgniter\HTTP\RedirectResponse could not be converted to string
#0 C:\wamp64\www\Projet GSB\Projet-GSB-Git\system\View\View.php(210): include()
#1 C:\wamp64\www\Projet GSB\Projet-GSB-Git\system\View\View.php(213): CodeIgniter\View\View->CodeIgniter\View\{closure}()
#2 C:\wamp64\www\Projet GSB\Projet-GSB-Git\system\Common.php(1089): CodeIgniter\View\View->render('page-inscriptio...', Array, true)
#3 C:\wamp64\www\Projet GSB\Projet-GSB-Git\app\Controllers\Back.php(12): view('page-inscriptio...')
#4 C:\wamp64\www\Projet GSB\Projet-GSB-Git\system\CodeIgniter.php(825): App\Controllers\Back->pageInscription()
#5 C:\wamp64\www\Projet GSB\Projet-GSB-Git\system\CodeIgniter.php(412): CodeIgniter\CodeIgniter->runController(Object(App\Controllers\Back))
#6 C:\wamp64\www\Projet GSB\Projet-GSB-Git\system\CodeIgniter.php(320): CodeIgniter\CodeIgniter->handleRequest(NULL, Object(Config\Cache), false)
#7 C:\wamp64\www\Projet GSB\Projet-GSB-Git\public\index.php(37): CodeIgniter\CodeIgniter->run()
#8 C:\wamp64\www\Projet GSB\Projet-GSB-Git\system\Commands\Server\rewrite.php(43): require_once('C:\\wamp64\\www\\P...')
#9 {main}
CRITICAL - 2022-01-21 11:30:40 --> include(fonction-page-accueil.php): failed to open stream: No such file or directory
#0 C:\wamp64\www\Projet GSB\Projet-GSB-Git\app\Controllers\Back.php(18): CodeIgniter\Debug\Exceptions->errorHandler(2, 'include(fonctio...', 'C:\\wamp64\\www\\P...', 18, Array)
#1 C:\wamp64\www\Projet GSB\Projet-GSB-Git\app\Controllers\Back.php(18): include()
#2 C:\wamp64\www\Projet GSB\Projet-GSB-Git\system\CodeIgniter.php(825): App\Controllers\Back->pageInscription()
#3 C:\wamp64\www\Projet GSB\Projet-GSB-Git\system\CodeIgniter.php(412): CodeIgniter\CodeIgniter->runController(Object(App\Controllers\Back))
#4 C:\wamp64\www\Projet GSB\Projet-GSB-Git\system\CodeIgniter.php(320): CodeIgniter\CodeIgniter->handleRequest(NULL, Object(Config\Cache), false)
#5 C:\wamp64\www\Projet GSB\Projet-GSB-Git\public\index.php(37): CodeIgniter\CodeIgniter->run()
#6 C:\wamp64\www\Projet GSB\Projet-GSB-Git\system\Commands\Server\rewrite.php(43): require_once('C:\\wamp64\\www\\P...')
#7 {main}
CRITICAL - 2022-01-21 11:31:39 --> include(../Views/fonction-page-accueil.php): failed to open stream: No such file or directory
#0 C:\wamp64\www\Projet GSB\Projet-GSB-Git\app\Controllers\Back.php(18): CodeIgniter\Debug\Exceptions->errorHandler(2, 'include(../View...', 'C:\\wamp64\\www\\P...', 18, Array)
#1 C:\wamp64\www\Projet GSB\Projet-GSB-Git\app\Controllers\Back.php(18): include()
#2 C:\wamp64\www\Projet GSB\Projet-GSB-Git\system\CodeIgniter.php(825): App\Controllers\Back->pageInscription()
#3 C:\wamp64\www\Projet GSB\Projet-GSB-Git\system\CodeIgniter.php(412): CodeIgniter\CodeIgniter->runController(Object(App\Controllers\Back))
#4 C:\wamp64\www\Projet GSB\Projet-GSB-Git\system\CodeIgniter.php(320): CodeIgniter\CodeIgniter->handleRequest(NULL, Object(Config\Cache), false)
#5 C:\wamp64\www\Projet GSB\Projet-GSB-Git\public\index.php(37): CodeIgniter\CodeIgniter->run()
#6 C:\wamp64\www\Projet GSB\Projet-GSB-Git\system\Commands\Server\rewrite.php(43): require_once('C:\\wamp64\\www\\P...')
#7 {main}
CRITICAL - 2022-01-21 11:34:26 --> include(C:\wamp64\www\Projet GSB\Projet-GSB-Git\public../Views/fonction-page-accueil.php): failed to open stream: No such file or directory
#0 C:\wamp64\www\Projet GSB\Projet-GSB-Git\app\Controllers\Back.php(18): CodeIgniter\Debug\Exceptions->errorHandler(2, 'include(C:\\wamp...', 'C:\\wamp64\\www\\P...', 18, Array)
#1 C:\wamp64\www\Projet GSB\Projet-GSB-Git\app\Controllers\Back.php(18): include()
#2 C:\wamp64\www\Projet GSB\Projet-GSB-Git\system\CodeIgniter.php(825): App\Controllers\Back->pageInscription()
#3 C:\wamp64\www\Projet GSB\Projet-GSB-Git\system\CodeIgniter.php(412): CodeIgniter\CodeIgniter->runController(Object(App\Controllers\Back))
#4 C:\wamp64\www\Projet GSB\Projet-GSB-Git\system\CodeIgniter.php(320): CodeIgniter\CodeIgniter->handleRequest(NULL, Object(Config\Cache), false)
#5 C:\wamp64\www\Projet GSB\Projet-GSB-Git\public\index.php(37): CodeIgniter\CodeIgniter->run()
#6 C:\wamp64\www\Projet GSB\Projet-GSB-Git\system\Commands\Server\rewrite.php(43): require_once('C:\\wamp64\\www\\P...')
#7 {main}
